[2026-02-26T07:29:05.845+0000] {taskinstance.py:1956} INFO - Dependencies all met for dep_context=non-requeueable deps ti=<TaskInstance: file_creation_tasks.read_text_file manual__2026-02-26T07:28:57.862291+00:00 [queued]>
[2026-02-26T07:29:05.870+0000] {taskinstance.py:1956} INFO - Dependencies all met for dep_context=requeueable deps ti=<TaskInstance: file_creation_tasks.read_text_file manual__2026-02-26T07:28:57.862291+00:00 [queued]>
[2026-02-26T07:29:05.872+0000] {taskinstance.py:2170} INFO - Starting attempt 1 of 2
[2026-02-26T07:29:05.911+0000] {taskinstance.py:2191} INFO - Executing <Task(PythonOperator): read_text_file> on 2026-02-26 07:28:57.862291+00:00
[2026-02-26T07:29:05.926+0000] {standard_task_runner.py:60} INFO - Started process 84 to run task
[2026-02-26T07:29:05.936+0000] {standard_task_runner.py:87} INFO - Running: ['***', 'tasks', 'run', 'file_creation_tasks', 'read_text_file', 'manual__2026-02-26T07:28:57.862291+00:00', '--job-id', '3', '--raw', '--subdir', 'DAGS_FOLDER/file_creation.py', '--cfg-path', '/tmp/tmp7n_3lz0j']
[2026-02-26T07:29:05.945+0000] {standard_task_runner.py:88} INFO - Job 3: Subtask read_text_file
[2026-02-26T07:29:06.139+0000] {task_command.py:423} INFO - Running <TaskInstance: file_creation_tasks.read_text_file manual__2026-02-26T07:28:57.862291+00:00 [running]> on host e62fbbefe656
[2026-02-26T07:29:06.342+0000] {taskinstance.py:2480} INFO - Exporting env vars: AIRFLOW_CTX_DAG_OWNER='***' AIRFLOW_CTX_DAG_ID='file_creation_tasks' AIRFLOW_CTX_TASK_ID='read_text_file' AIRFLOW_CTX_EXECUTION_DATE='2026-02-26T07:28:57.862291+00:00' AIRFLOW_CTX_TRY_NUMBER='1' AIRFLOW_CTX_DAG_RUN_ID='manual__2026-02-26T07:28:57.862291+00:00'
[2026-02-26T07:29:06.352+0000] {taskinstance.py:2698} ERROR - Task failed with exception
Traceback (most recent call last):
  File "/home/airflow/.local/lib/python3.8/site-packages/airflow/models/taskinstance.py", line 433, in _execute_task
    result = execute_callable(context=context, **execute_callable_kwargs)
  File "/home/airflow/.local/lib/python3.8/site-packages/airflow/operators/python.py", line 199, in execute
    return_value = self.execute_callable()
  File "/home/airflow/.local/lib/python3.8/site-packages/airflow/operators/python.py", line 216, in execute_callable
    return self.python_callable(*self.op_args, **self.op_kwargs)
  File "/opt/airflow/dags/file_creation.py", line 50, in read_text_file
    with open(f"{BASE_PATH}/input.txt", "r") as file:
FileNotFoundError: [Errno 2] No such file or directory: '/opt/airflow/files/input.txt'
[2026-02-26T07:29:06.394+0000] {taskinstance.py:1138} INFO - Marking task as UP_FOR_RETRY. dag_id=file_creation_tasks, task_id=read_text_file, execution_date=20260226T072857, start_date=20260226T072905, end_date=20260226T072906
[2026-02-26T07:29:06.434+0000] {standard_task_runner.py:107} ERROR - Failed to execute job 3 for task read_text_file ([Errno 2] No such file or directory: '/opt/airflow/files/input.txt'; 84)
[2026-02-26T07:29:06.473+0000] {local_task_job_runner.py:234} INFO - Task exited with return code 1
[2026-02-26T07:29:06.543+0000] {taskinstance.py:3280} INFO - 0 downstream tasks scheduled from follow-on schedule check
