[2026-02-26T08:56:07.723+0000] {taskinstance.py:1956} INFO - Dependencies all met for dep_context=non-requeueable deps ti=<TaskInstance: file_creation_tasks.send_success_email manual__2026-02-26T08:50:26.846911+00:00 [queued]>
[2026-02-26T08:56:07.738+0000] {taskinstance.py:1956} INFO - Dependencies all met for dep_context=requeueable deps ti=<TaskInstance: file_creation_tasks.send_success_email manual__2026-02-26T08:50:26.846911+00:00 [queued]>
[2026-02-26T08:56:07.739+0000] {taskinstance.py:2170} INFO - Starting attempt 2 of 2
[2026-02-26T08:56:07.758+0000] {taskinstance.py:2191} INFO - Executing <Task(EmailOperator): send_success_email> on 2026-02-26 08:50:26.846911+00:00
[2026-02-26T08:56:07.768+0000] {standard_task_runner.py:60} INFO - Started process 177 to run task
[2026-02-26T08:56:07.773+0000] {standard_task_runner.py:87} INFO - Running: ['***', 'tasks', 'run', 'file_creation_tasks', 'send_success_email', 'manual__2026-02-26T08:50:26.846911+00:00', '--job-id', '8', '--raw', '--subdir', 'DAGS_FOLDER/file_creation.py', '--cfg-path', '/tmp/tmpa40ihx4q']
[2026-02-26T08:56:07.778+0000] {standard_task_runner.py:88} INFO - Job 8: Subtask send_success_email
[2026-02-26T08:56:07.912+0000] {task_command.py:423} INFO - Running <TaskInstance: file_creation_tasks.send_success_email manual__2026-02-26T08:50:26.846911+00:00 [running]> on host fc50baaa8ff5
[2026-02-26T08:56:08.041+0000] {taskinstance.py:2480} INFO - Exporting env vars: AIRFLOW_CTX_DAG_OWNER='***' AIRFLOW_CTX_DAG_ID='file_creation_tasks' AIRFLOW_CTX_TASK_ID='send_success_email' AIRFLOW_CTX_EXECUTION_DATE='2026-02-26T08:50:26.846911+00:00' AIRFLOW_CTX_TRY_NUMBER='2' AIRFLOW_CTX_DAG_RUN_ID='manual__2026-02-26T08:50:26.846911+00:00'
[2026-02-26T08:56:08.087+0000] {warnings.py:109} WARNING - /home/***/.local/lib/python3.8/site-packages/***/utils/email.py:154: RemovedInAirflow3Warning: Fetching SMTP credentials from configuration variables will be deprecated in a future release. Please set credentials using a connection instead.
  send_mime_email(e_from=mail_from, e_to=recipients, mime_msg=msg, conn_id=conn_id, dryrun=dryrun)

[2026-02-26T08:56:08.088+0000] {email.py:270} INFO - Email alerting: attempt 1
[2026-02-26T08:56:14.292+0000] {taskinstance.py:2698} ERROR - Task failed with exception
Traceback (most recent call last):
  File "/home/airflow/.local/lib/python3.8/site-packages/airflow/models/taskinstance.py", line 433, in _execute_task
    result = execute_callable(context=context, **execute_callable_kwargs)
  File "/home/airflow/.local/lib/python3.8/site-packages/airflow/operators/email.py", line 79, in execute
    send_email(
  File "/home/airflow/.local/lib/python3.8/site-packages/airflow/utils/email.py", line 80, in send_email
    return backend(
  File "/home/airflow/.local/lib/python3.8/site-packages/airflow/utils/email.py", line 154, in send_email_smtp
    send_mime_email(e_from=mail_from, e_to=recipients, mime_msg=msg, conn_id=conn_id, dryrun=dryrun)
  File "/home/airflow/.local/lib/python3.8/site-packages/airflow/utils/email.py", line 280, in send_mime_email
    smtp_conn.login(smtp_user, smtp_password)
  File "/usr/local/lib/python3.8/smtplib.py", line 748, in login
    raise last_exception
  File "/usr/local/lib/python3.8/smtplib.py", line 737, in login
    (code, resp) = self.auth(
  File "/usr/local/lib/python3.8/smtplib.py", line 660, in auth
    raise SMTPAuthenticationError(code, resp)
smtplib.SMTPAuthenticationError: (535, b'5.7.139 Authentication unsuccessful, SmtpClientAuthentication is disabled for the Tenant. Visit https://aka.ms/smtp_auth_disabled for more information. [PN4PR01CA0036.INDPRD01.PROD.OUTLOOK.COM 2026-02-26T08:56:26.134Z 08DE74CA7B1CDB79]')
[2026-02-26T08:56:14.314+0000] {taskinstance.py:1138} INFO - Marking task as FAILED. dag_id=file_creation_tasks, task_id=send_success_email, execution_date=20260226T085026, start_date=20260226T085607, end_date=20260226T085614
[2026-02-26T08:56:14.349+0000] {standard_task_runner.py:107} ERROR - Failed to execute job 8 for task send_success_email ((535, b'5.7.139 Authentication unsuccessful, SmtpClientAuthentication is disabled for the Tenant. Visit https://aka.ms/smtp_auth_disabled for more information. [PN4PR01CA0036.INDPRD01.PROD.OUTLOOK.COM 2026-02-26T08:56:26.134Z 08DE74CA7B1CDB79]'); 177)
[2026-02-26T08:56:14.400+0000] {local_task_job_runner.py:234} INFO - Task exited with return code 1
[2026-02-26T08:56:14.442+0000] {taskinstance.py:3280} INFO - 0 downstream tasks scheduled from follow-on schedule check
