[2026-02-26T10:01:39.438+0000] {taskinstance.py:1956} INFO - Dependencies all met for dep_context=non-requeueable deps ti=<TaskInstance: file_creation_tasks.send_success_email manual__2026-02-26T09:56:19.580822+00:00 [queued]>
[2026-02-26T10:01:39.460+0000] {taskinstance.py:1956} INFO - Dependencies all met for dep_context=requeueable deps ti=<TaskInstance: file_creation_tasks.send_success_email manual__2026-02-26T09:56:19.580822+00:00 [queued]>
[2026-02-26T10:01:39.463+0000] {taskinstance.py:2170} INFO - Starting attempt 2 of 2
[2026-02-26T10:01:39.522+0000] {taskinstance.py:2191} INFO - Executing <Task(EmailOperator): send_success_email> on 2026-02-26 09:56:19.580822+00:00
[2026-02-26T10:01:39.538+0000] {standard_task_runner.py:60} INFO - Started process 183 to run task
[2026-02-26T10:01:39.548+0000] {standard_task_runner.py:87} INFO - Running: ['***', 'tasks', 'run', 'file_creation_tasks', 'send_success_email', 'manual__2026-02-26T09:56:19.580822+00:00', '--job-id', '7', '--raw', '--subdir', 'DAGS_FOLDER/file_creation.py', '--cfg-path', '/tmp/tmp8shu4j_y']
[2026-02-26T10:01:39.555+0000] {standard_task_runner.py:88} INFO - Job 7: Subtask send_success_email
[2026-02-26T10:01:39.701+0000] {task_command.py:423} INFO - Running <TaskInstance: file_creation_tasks.send_success_email manual__2026-02-26T09:56:19.580822+00:00 [running]> on host 59442db09585
[2026-02-26T10:01:39.922+0000] {taskinstance.py:2480} INFO - Exporting env vars: AIRFLOW_CTX_DAG_OWNER='***' AIRFLOW_CTX_DAG_ID='file_creation_tasks' AIRFLOW_CTX_TASK_ID='send_success_email' AIRFLOW_CTX_EXECUTION_DATE='2026-02-26T09:56:19.580822+00:00' AIRFLOW_CTX_TRY_NUMBER='2' AIRFLOW_CTX_DAG_RUN_ID='manual__2026-02-26T09:56:19.580822+00:00'
[2026-02-26T10:01:40.016+0000] {warnings.py:109} WARNING - /home/***/.local/lib/python3.8/site-packages/***/utils/email.py:154: RemovedInAirflow3Warning: Fetching SMTP credentials from configuration variables will be deprecated in a future release. Please set credentials using a connection instead.
  send_mime_email(e_from=mail_from, e_to=recipients, mime_msg=msg, conn_id=conn_id, dryrun=dryrun)

[2026-02-26T10:01:40.021+0000] {email.py:270} INFO - Email alerting: attempt 1
[2026-02-26T10:01:42.312+0000] {taskinstance.py:2698} ERROR - Task failed with exception
Traceback (most recent call last):
  File "/home/airflow/.local/lib/python3.8/site-packages/airflow/models/taskinstance.py", line 433, in _execute_task
    result = execute_callable(context=context, **execute_callable_kwargs)
  File "/home/airflow/.local/lib/python3.8/site-packages/airflow/operators/email.py", line 79, in execute
    send_email(
  File "/home/airflow/.local/lib/python3.8/site-packages/airflow/utils/email.py", line 80, in send_email
    return backend(
  File "/home/airflow/.local/lib/python3.8/site-packages/airflow/utils/email.py", line 154, in send_email_smtp
    send_mime_email(e_from=mail_from, e_to=recipients, mime_msg=msg, conn_id=conn_id, dryrun=dryrun)
  File "/home/airflow/.local/lib/python3.8/site-packages/airflow/utils/email.py", line 280, in send_mime_email
    smtp_conn.login(smtp_user, smtp_password)
  File "/usr/local/lib/python3.8/smtplib.py", line 748, in login
    raise last_exception
  File "/usr/local/lib/python3.8/smtplib.py", line 737, in login
    (code, resp) = self.auth(
  File "/usr/local/lib/python3.8/smtplib.py", line 660, in auth
    raise SMTPAuthenticationError(code, resp)
smtplib.SMTPAuthenticationError: (535, b'5.7.8 Username and Password not accepted. For more information, go to\n5.7.8  https://support.google.com/mail/?p=BadCredentials d2e1a72fcca58-8273a064167sm1981902b3a.56 - gsmtp')
[2026-02-26T10:01:42.335+0000] {taskinstance.py:1138} INFO - Marking task as FAILED. dag_id=file_creation_tasks, task_id=send_success_email, execution_date=20260226T095619, start_date=20260226T100139, end_date=20260226T100142
[2026-02-26T10:01:42.359+0000] {standard_task_runner.py:107} ERROR - Failed to execute job 7 for task send_success_email ((535, b'5.7.8 Username and Password not accepted. For more information, go to\n5.7.8  https://support.google.com/mail/?p=BadCredentials d2e1a72fcca58-8273a064167sm1981902b3a.56 - gsmtp'); 183)
[2026-02-26T10:01:42.388+0000] {local_task_job_runner.py:234} INFO - Task exited with return code 1
[2026-02-26T10:01:42.420+0000] {taskinstance.py:3280} INFO - 0 downstream tasks scheduled from follow-on schedule check
